-----BEGIN CERTIFICATE-----
MIID5DCCAsygAwIBAgIUX6x2Jxa2vHhSXF+lgLmgKVA0jkwwDQYJKoZIhvcNAQEL
BQAwgYkxCzAJBgNVBAYTAlVTMQswCQYDVQQIDAJXQTEQMA4GA1UEBwwHU2VhdHRs
ZTEOMAwGA1UECgwFRmx5dGUxCzAJBgNVBAsMAklUMRowGAYDVQQDDBFmbHl0ZS5l
eGFtcGxlLm9yZzEiMCAGCSqGSIb3DQEJARYTZHVtbXl1c2VyQGZseXRlLm9yZzAe
Fw0yMzA2MjcwNzMwMDNaFw0zMzA2MjMwNzMwMDNaMIGJMQswCQYDVQQGEwJVUzEL
MAkGA1UECAwCV0ExEDAOBgNVBAcMB1NlYXR0bGUxDjAMBgNVBAoMBUZseXRlMQsw
CQYDVQQLDAJJVDEaMBgGA1UEAwwRZmx5dGUuZXhhbXBsZS5vcmcxIjAgBgkqhkiG
9w0BCQEWE2R1bW15dXNlckBmbHl0ZS5vcmcwggEiMA0GCSqGSIb3DQEBAQUAA4IB
DwAwggEKAoIBAQCuRar+EBjHSEArQn3HYCTwS7GqyomgPaMMcXU0Kej+GHuiXxD+
jlU96+0b0z2eYGC5CPJ7kvefNex7zCjy0XYkzszVxF354MQPIhLuxONjUj1y0ifr
5FJshJ5YZHLkvADn9kZko6DnYZyVSBrVG8dKmIBMPoHVAk+cOipHFhxQ/7o8fQUx
M17v2h2qxuETYXmXUr7+eIGGXYg++gOT31eDnorQTRgjOtIkItjVN4xsOa5WDclw
2FlUEo1rhquGcUeE2vldJFk1JeqXeeHw2EsZt7u+EvlMPHp7KX9ecQvJP9ROP9QH
1Q44+pGHXS+wnrZpacWoEpqmjG+flPf7kJTDAgMBAAGjQjBAMAsGA1UdDwQEAwIE
MDATBgNVHSUEDDAKBggrBgEFBQcDATAcBgNVHREEFTATghFmbHl0ZS5leGFtcGxl
Lm9yZzANBgkqhkiG9w0BAQsFAAOCAQEAQ6NGIIeOKh1rvfCtxwc6IIW2L+b1eftP
nvzJrILIpuQVJQirtzLt1Ynv2BJuknt5WsbqB8h3YEJ0yl4tlL8+L3zpeuyfF0pP
WXXRfSa2bcfpk2Ybl786tnXZLnK1ph3IxpM727GV3g29KWgdfLW/PUYOo1IC3IGp
xdEbb1QEmJgNJAYbDAc9HU4N1pSsSmpgf5MCZUFt1XwBEFTgNt7nfj/lOIBbc8on
z67HJTapOFN9AMOya6Du704isjQC/L3TKFAdadrd09VO9O96JqcFNay7JRh21Arh
TDf4bcJiBu/s1KN/+ldgEgGDAvhgF7ofesTJ7QjhWPgZwnWtzSdIuw==
-----END CERTIFICATE-----
