-----BEGIN PRIVATE KEY-----
MIIEvQIBADANBgkqhkiG9w0BAQEFAASCBKcwggSjAgEAAoIBAQCuRar+EBjHSEAr
Qn3HYCTwS7GqyomgPaMMcXU0Kej+GHuiXxD+jlU96+0b0z2eYGC5CPJ7kvefNex7
zCjy0XYkzszVxF354MQPIhLuxONjUj1y0ifr5FJshJ5YZHLkvADn9kZko6DnYZyV
SBrVG8dKmIBMPoHVAk+cOipHFhxQ/7o8fQUxM17v2h2qxuETYXmXUr7+eIGGXYg+
+gOT31eDnorQTRgjOtIkItjVN4xsOa5WDclw2FlUEo1rhquGcUeE2vldJFk1JeqX
eeHw2EsZt7u+EvlMPHp7KX9ecQvJP9ROP9QH1Q44+pGHXS+wnrZpacWoEpqmjG+f
lPf7kJTDAgMBAAECggEAVq7EjLbI/GbNtDbQhVknRncAGmm/5vqBnXDZ0WZ/Q9Q9
utf6hgOaFsDBIbQC1EIwGhl/M0Q48vJJfJJiU9UoJMrQTAvuipnoK3bRX/6C9CY1
9mTeApGBBgU5FdJw66Ev+jEfdnOFV1HQJtjEr/evO0V7m3ED90W8/4JXASDYWNjo
SXpraxQQWvFp9m6wcaKXuuI1yj7lo2hIor3MLxGo0Ar085152Kxye23WzYsXUZe7
Gt9Pe+y401c2sjrM55XGqobzP4zecK3jGEDGuPJTmbiHFSc6AKZ4kzr98QEqe2Nj
rn/Y0OClj/rw7583Mgqep//+N39HszFewaHeFkl9wQKBgQDXcH+2Zdbo/ALBgxAl
5VB78u6Sg9P0Qo4EDIKJFsJjXTchIl+fmVgWteyDu30q55W04iSw96VvfMINpL+n
586LUFQVtUUdR1Oz4gqimXAr5hs9xgAEa/XB+IWoVkkdPwUA9F9xFUONKmj9sQAU
sKLIBfONhKhzqhzygw0qD2v10QKBgQDPFQjoaGIKfxzKjqYjY9JPqmA96OGWj4xC
yYtC6ZFO6422juNkOpzcUiRo1SuKFSXMevmlvlpYtnDCjJK35Us3d6DGfCDnKiWu
A5tT70/FxLz7g3Nyt6fTBnPE2AHE4cthMn0EV3iXFpM0KiwcSzAuYziZ3jtGVR8i
fiw83zBCUwKBgBq+1JwIOI3j+1Oaub56oWtB1WxLAV0phgfqpanvMWK0h8uNQOHH
X7AyFZKlC/zvkx5JlNSDaf5VNqIK+eAWXwXcixPG1TW1TSbfwQI+mjZY8rjQg+AI
pxHVkII9dAY1dKGRtOeNBD3aLf6Qornu08aRNpMzDNaPH9jbfB7kmzqBAoGBAM6c
giK/4vHuGV/QK9srgW6S4yth65I47wzD4fqE58ICK4Z10lLyWAdKvaEK70H6D5iR
KfxAjAvvG1pAvzJTyFQzO2pN9tYtqyKP3q5EGyeLP7MCWHGg5AUcbu17R2iUkEMO
CMYIL/0vPPfTC+e+7Pebb6G1pRZrX4EeuiyR0qiZAoGAG21HfUvlnaAZAreXjICr
k2IO/WzkoloJp5ihiWdP0QrYWYhxXuMjXlnE9dxQfh/NeiCIcY9IanZecboXMWlA
Exk1XaGSSk2vLkrFw0zAxZEOOTY01tA9fVZToJ8BHX0ntwlMqa8YRZruzgFIOy5o
FBOD2uJSQE+djA4F9dSrHp8=
-----END PRIVATE KEY-----
